Build started 6/23/2014 1:16:13 PM.
     1>Project "c:\Users\Chris\documents\visual studio 2010\Projects\FakeInputWin\FakeInputWin\FakeInputWin.vcxproj" on node 2 (build target(s)).
     1>InitializeBuildStatus:
         Touching "Debug\FakeInputWin.unsuccessfulbuild".
       ClCompile:
         c:\Program Files (x86)\Microsoft Visual Studio 10.0\VC\bin\CL.exe /c /ZI /nologo /W3 /WX- /Od /Oy- /D WIN32 /D _DEBUG /D _WINDOWS /D _USRDLL /D FAKEINPUTWIN_EXPORTS /D _WINDLL /D _UNICODE /D UNICODE /Gm /EHsc /RTC1 /MDd /GS /fp:precise /Zc:wchar_t /Zc:forScope /Fo"Debug\\" /Fd"Debug\vc100.pdb" /Gd /TP /analyze- /errorReport:prompt fakeIn.cpp
         fakeIn.cpp
       Link:
         c:\Program Files (x86)\Microsoft Visual Studio 10.0\VC\bin\link.exe /ERRORREPORT:PROMPT /OUT:"c:\users\chris\documents\visual studio 2010\Projects\FakeInputWin\Debug\FakeInputWin.dll" /INCREMENTAL:NO /NOLOGO kernel32.lib user32.lib gdi32.lib winspool.lib comdlg32.lib advapi32.lib shell32.lib ole32.lib oleaut32.lib uuid.lib odbc32.lib odbccp32.lib /MANIFEST /ManifestFile:"Debug\FakeInputWin.dll.intermediate.manifest" /MANIFESTUAC:"level='asInvoker' uiAccess='false'" /DEBUG /PDB:"c:\users\chris\documents\visual studio 2010\Projects\FakeInputWin\Debug\FakeInputWin.pdb" /SUBSYSTEM:WINDOWS /TLBID:1 /DYNAMICBASE /NXCOMPAT /IMPLIB:"c:\users\chris\documents\visual studio 2010\Projects\FakeInputWin\Debug\FakeInputWin.lib" /MACHINE:X86 /DLL Debug\fakeIn.obj
     1>fakeIn.obj : warning LNK4075: ignoring '/EDITANDCONTINUE' due to '/INCREMENTAL:NO' specification
            Creating library c:\users\chris\documents\visual studio 2010\Projects\FakeInputWin\Debug\FakeInputWin.lib and object c:\users\chris\documents\visual studio 2010\Projects\FakeInputWin\Debug\FakeInputWin.exp
         FakeInputWin.vcxproj -> c:\users\chris\documents\visual studio 2010\Projects\FakeInputWin\Debug\FakeInputWin.dll
       Manifest:
         C:\Program Files (x86)\Microsoft SDKs\Windows\v7.0A\bin\mt.exe /nologo /verbose /outputresource:"c:\users\chris\documents\visual studio 2010\Projects\FakeInputWin\Debug\FakeInputWin.dll;#2" /manifest Debug\FakeInputWin.dll.intermediate.manifest
       FinalizeBuildStatus:
         Deleting file "Debug\FakeInputWin.unsuccessfulbuild".
         Touching "Debug\FakeInputWin.lastbuildstate".
     1>Done Building Project "c:\Users\Chris\documents\visual studio 2010\Projects\FakeInputWin\FakeInputWin\FakeInputWin.vcxproj" (build target(s)).

Build succeeded.

Time Elapsed 00:00:01.77
